\BOOKMARK [0][-]{chapter*.2}{\376\377\000M\000o\000t\000i\000v\000a\002\033\000i\000e}{}% 1
\BOOKMARK [0][-]{chapter*.3}{\376\377\000I\000n\000t\000r\000o\000d\000u\000c\000e\000r\000e}{}% 2
\BOOKMARK [0][-]{chapter.1}{\376\377\000D\000e\000s\000c\000r\000i\000e\000r\000e\000a\000\040\000a\000p\000l\000i\000c\000a\000t\000i\000e\000i\000\040\000A\000u\000d\000I\000T}{}% 3
\BOOKMARK [1][-]{section.1.1}{\376\377\000P\000r\000o\000b\000l\000e\000m\000a\000\040\000a\000d\000r\000e\000s\000a\000t\000a}{chapter.1}% 4
\BOOKMARK [1][-]{section.1.2}{\376\377\000S\000o\000l\000u\000t\000i\000a\000\040\000p\000r\000o\000p\000u\000s\000a}{chapter.1}% 5
\BOOKMARK [1][-]{section.1.3}{\376\377\000F\000u\000n\000c\000t\000i\000o\000n\000a\000l\000i\000t\000a\000t\000i\000l\000e\000\040\000a\000p\000l\000i\000c\000a\000t\000i\000e\000i}{chapter.1}% 6
\BOOKMARK [2][-]{subsection.1.3.1}{\376\377\000A\000u\000t\000e\000n\000t\000i\000f\000i\000c\000a\000r\000e\000a\000\040\000p\000e\000\040\000p\000l\000a\000t\000f\000o\000r\000m\000a}{section.1.3}% 7
\BOOKMARK [2][-]{subsection.1.3.2}{\376\377\000V\000e\000r\000i\000f\000i\000c\000a\000r\000e\000a\000\040\000a\000c\000t\000i\000u\000n\000i\000l\000o\000r\000\040\000u\000t\000i\000l\000i\000z\000a\000t\000o\000r\000i\000l\000o\000r}{section.1.3}% 8
\BOOKMARK [2][-]{subsection.1.3.3}{\376\377\000P\000a\000g\000i\000n\000a\000\040\000d\000e\000\040\000s\000t\000a\000r\000t}{section.1.3}% 9
\BOOKMARK [2][-]{subsection.1.3.4}{\376\377\000G\000e\000s\000t\000i\000o\000n\000a\000r\000e\000a\000\040\000m\000i\000s\000i\000n\000i\000l\000o\000r\000\040\000d\000e\000\040\000a\000u\000d\000i\000t\000\040\000p\000u\000b\000l\000i\000c}{section.1.3}% 10
\BOOKMARK [2][-]{subsection.1.3.5}{\376\377\000P\000a\000g\000i\000n\000a\000\040\000r\000e\000z\000u\000m\000a\000t\000\040\000m\000i\000s\000i\000u\000n\000e\000\040\000d\000e\000\040\000a\000u\000d\000i\000t}{section.1.3}% 11
\BOOKMARK [2][-]{subsection.1.3.6}{\376\377\000P\000r\000e\000l\000u\000c\000a\000r\000e\000a\000\040\000p\000a\000s\000i\000l\000o\000r\000\040\000u\000n\000e\000i\000\040\000m\000i\000s\000i\000u\000n\000i\000\040\000d\000e\000\040\000a\000u\000d\000i\000t}{section.1.3}% 12
\BOOKMARK [2][-]{subsection.1.3.7}{\376\377\000S\000t\000a\000b\000i\000l\000i\000r\000e\000a\000\040\000o\000b\000i\000e\000c\000t\000i\000v\000e\000l\000o\000r\000\040\000d\000e\000\040\000a\000u\000d\000i\000t\000a\000t}{section.1.3}% 13
\BOOKMARK [2][-]{subsection.1.3.8}{\376\377\000V\000i\000z\000u\000a\000l\000i\000z\000a\000r\000e\000a\000\040\000s\000i\000\040\000a\000c\000c\000e\000s\000a\000r\000e\000a\000\040\000r\000i\000c\000u\000r\000i\000l\000o\000r\000\040\000d\000i\000n\000\040\000m\000i\000s\000i\000u\000n\000i\000\040\000a\000n\000t\000e\000r\000i\000o\000a\000r\000e}{section.1.3}% 14
\BOOKMARK [2][-]{subsection.1.3.9}{\376\377\000I\000d\000e\000n\000t\000i\000f\000i\000c\000a\000r\000e\000a\000\040\000s\000i\000\040\000e\000v\000a\000l\000u\000a\000r\000e\000a\000\040\000r\000i\000s\000c\000u\000r\000i\000l\000o\000r}{section.1.3}% 15
\BOOKMARK [2][-]{subsection.1.3.10}{\376\377\000V\000i\000z\000u\000a\000l\000i\000z\000a\000r\000e\000a\000\040\000o\000b\000i\000e\000c\000t\000i\000v\000e\000l\000o\000r}{section.1.3}% 16
\BOOKMARK [2][-]{subsection.1.3.11}{\376\377\000P\000a\000g\000i\000n\000a\000\040\000d\000e\000t\000a\000l\000i\000i\000\040\000a\000c\000t\000i\000u\000n\000e}{section.1.3}% 17
\BOOKMARK [2][-]{subsection.1.3.12}{\376\377\000S\000a\000l\000v\000a\000r\000e\000a\000\040\000d\000o\000c\000u\000m\000e\000n\000t\000e\000l\000o\000r\000\040\000n\000e\000c\000e\000s\000a\000r\000e\000\040\000p\000e\000\040\000p\000l\000a\000t\000f\000o\000r\000m\000a}{section.1.3}% 18
\BOOKMARK [2][-]{subsection.1.3.13}{\376\377\000A\000c\000c\000e\000s\000a\000r\000e\000a\000\040\000d\000o\000c\000u\000m\000e\000n\000t\000e\000l\000o\000r\000\040\000n\000e\000c\000e\000s\000a\000r\000e\000\040\000p\000e\000\040\000p\000l\000a\000t\000f\000o\000r\000m\000a}{section.1.3}% 19
\BOOKMARK [2][-]{subsection.1.3.14}{\376\377\000C\000o\000m\000p\000l\000e\000t\000a\000r\000e\000a\000\040\000d\000o\000c\000u\000m\000e\000n\000t\000e\000l\000o\000r\000\040\000t\000i\000p\000\040\000s\000a\000b\000l\000o\000n}{section.1.3}% 20
\BOOKMARK [2][-]{subsection.1.3.15}{\376\377\000B\000a\000r\000a\000\040\000d\000e\000\040\000n\000a\000v\000i\000g\000a\000r\000e}{section.1.3}% 21
\BOOKMARK [2][-]{subsection.1.3.16}{\376\377\000G\000e\000s\000t\000i\000o\000n\000a\000r\000e\000a\000\040\000a\000c\000c\000e\000s\000u\000l\000u\000i\000\040\000l\000a\000\040\000r\000e\000s\000u\000r\000s\000e\000\040\000p\000a\000r\000t\000a\000j\000a\000t\000e}{section.1.3}% 22
\BOOKMARK [2][-]{subsection.1.3.17}{\376\377\000G\000e\000s\000t\000i\000o\000n\000a\000r\000e\000a\000\040\000a\000c\000t\000i\000v\000i\000t\000a\000t\000i\000l\000o\000r\000\040\000d\000e\000s\000f\000a\000s\000u\000r\000a\000t\000e}{section.1.3}% 23
\BOOKMARK [2][-]{subsection.1.3.18}{\376\377\000P\000r\000o\000f\000i\000l\000u\000l\000\040\000p\000e\000r\000s\000o\000n\000a\000l}{section.1.3}% 24
\BOOKMARK [2][-]{subsection.1.3.19}{\376\377\000S\000i\000s\000t\000e\000m\000u\000l\000\040\000d\000e\000\040\000n\000o\000t\000i\000f\000i\000c\000a\000r\000i}{section.1.3}% 25
\BOOKMARK [0][-]{chapter.2}{\376\377\000A\000r\000h\000i\000t\000e\000c\000t\000u\000r\000a\000\040\000p\000l\000a\000t\000f\000o\000r\000m\000e\000i}{}% 26
\BOOKMARK [1][-]{section.2.1}{\376\377\000A\000r\000h\000i\000t\000e\000c\000t\000u\000r\000a\000\040\000g\000e\000n\000e\000r\000a\000l\000a}{chapter.2}% 27
\BOOKMARK [1][-]{section.2.2}{\376\377\000A\000r\000h\000i\000t\000e\000c\000t\000u\000r\000a\000\040\000s\000e\000r\000v\000e\000r\000u\000l\000u\000i}{chapter.2}% 28
\BOOKMARK [1][-]{section.2.3}{\376\377\000A\000r\000h\000i\000t\000e\000c\000t\000u\000r\000a\000\040\000i\000n\000t\000e\000r\000f\000a\000t\000e\000i\000\040\000g\000r\000a\000f\000i\000c\000e}{chapter.2}% 29
\BOOKMARK [1][-]{section.2.4}{\376\377\000S\000t\000o\000c\000a\000r\000e\000a\000\040\000d\000a\000t\000e\000l\000o\000r}{chapter.2}% 30
\BOOKMARK [1][-]{section.2.5}{\376\377\000A\000s\000p\000e\000c\000t\000e\000\040\000d\000e\000\040\000s\000e\000c\000u\000r\000i\000t\000a\000t\000e}{chapter.2}% 31
\BOOKMARK [1][-]{section.2.6}{\376\377\000D\000i\000a\000g\000r\000a\000m\000e\000\040\000d\000e\000\040\000c\000o\000n\000t\000e\000x\000t\000\040\000C\0004\000\040}{chapter.2}% 32
\BOOKMARK [0][-]{chapter*.29}{\376\377\000C\000o\000n\000c\000l\000u\000z\000i\000i}{}% 33
